<?xml version="1.0" encoding="UTF-8"?>
<!-- Generated by org.testng.reporters.JUnitXMLReporter -->
<testsuite ignored="0" hostname="HMS-LP-N-79" failures="0" tests="3" name="Default test" time="6.322" errors="0" timestamp="2026-02-14T22:59:11 IST">
  <testcase classname="testcases.SchemaTest" name="testUserSchema" time="3.705"/>
  <testcase classname="testcases.SchemaTest" name="testProductSchema" time="0.657"/>
  <testcase classname="testcases.SchemaTest" name="testGetCartById" time="1.142"/>
</testsuite> <!-- Default test -->
