<?xml version="1.0" encoding="UTF-8"?>
<testng-results ignored="0" total="43" passed="43" failed="0" skipped="0">
  <reporter-output>
  </reporter-output>
  <suite started-at="2026-02-14T23:01:40 IST" name="API Suite" finished-at="2026-02-14T23:02:02 IST" duration-ms="21950">
    <groups>
    </groups>
    <test started-at="2026-02-14T23:01:40 IST" name="Login Tests" finished-at="2026-02-14T23:01:49 IST" duration-ms="8461">
      <class name="testcases.LoginTest">
        <test-method is-config="true" signature="setup()[pri:0, instance:testcases.LoginTest@7d61eb55]" started-at="2026-02-14T23:01:40 IST" name="setup" finished-at="2026-02-14T23:01:41 IST" duration-ms="671" status="PASS">
          <reporter-output>
          </reporter-output>
        </test-method> <!-- setup -->
        <test-method signature="testInvalidUserLogin()[pri:0, instance:testcases.LoginTest@7d61eb55]" started-at="2026-02-14T23:01:41 IST" name="testInvalidUserLogin" finished-at="2026-02-14T23:01:47 IST" duration-ms="6078" status="PASS">
          <reporter-output>
          </reporter-output>
        </test-method> <!-- testInvalidUserLogin -->
        <test-method signature="testValidUserLogin()[pri:0, instance:testcases.LoginTest@7d61eb55]" started-at="2026-02-14T23:01:47 IST" name="testValidUserLogin" finished-at="2026-02-14T23:01:49 IST" duration-ms="1283" status="PASS">
          <reporter-output>
          </reporter-output>
        </test-method> <!-- testValidUserLogin -->
      </class> <!-- testcases.LoginTest -->
    </test> <!-- Login Tests -->
    <test started-at="2026-02-14T23:01:49 IST" name="Schema Validation Tests" finished-at="2026-02-14T23:01:53 IST" duration-ms="3060">
      <class name="testcases.SchemaTest">
        <test-method is-config="true" signature="setup()[pri:0, instance:testcases.SchemaTest@776a6d9b]" started-at="2026-02-14T23:01:50 IST" name="setup" finished-at="2026-02-14T23:01:50 IST" duration-ms="2" status="PASS">
          <reporter-output>
          </reporter-output>
        </test-method> <!-- setup -->
        <test-method signature="testUserSchema()[pri:1, instance:testcases.SchemaTest@776a6d9b]" started-at="2026-02-14T23:01:50 IST" name="testUserSchema" finished-at="2026-02-14T23:01:51 IST" duration-ms="1489" status="PASS">
          <reporter-output>
          </reporter-output>
        </test-method> <!-- testUserSchema -->
        <test-method signature="testProductSchema()[pri:2, instance:testcases.SchemaTest@776a6d9b]" started-at="2026-02-14T23:01:51 IST" name="testProductSchema" finished-at="2026-02-14T23:01:52 IST" duration-ms="717" status="PASS">
          <reporter-output>
          </reporter-output>
        </test-method> <!-- testProductSchema -->
        <test-method signature="testGetCartById()[pri:3, instance:testcases.SchemaTest@776a6d9b]" started-at="2026-02-14T23:01:52 IST" name="testGetCartById" finished-at="2026-02-14T23:01:53 IST" duration-ms="825" status="PASS">
          <reporter-output>
          </reporter-output>
        </test-method> <!-- testGetCartById -->
      </class> <!-- testcases.SchemaTest -->
    </test> <!-- Schema Validation Tests -->
    <test started-at="2026-02-14T23:01:40 IST" name="User Tests" finished-at="2026-02-14T23:01:54 IST" duration-ms="13797">
      <class name="testcases.UserTest">
        <test-method is-config="true" signature="setup()[pri:0, instance:testcases.UserTest@7ac296f6]" started-at="2026-02-14T23:01:40 IST" name="setup" finished-at="2026-02-14T23:01:41 IST" duration-ms="673" status="PASS">
          <reporter-output>
          </reporter-output>
        </test-method> <!-- setup -->
        <test-method signature="testGetAllUsers()[pri:1, instance:testcases.UserTest@7ac296f6]" started-at="2026-02-14T23:01:41 IST" name="testGetAllUsers" finished-at="2026-02-14T23:01:47 IST" duration-ms="5648" status="PASS">
          <reporter-output>
          </reporter-output>
        </test-method> <!-- testGetAllUsers -->
        <test-method signature="testGetUserById()[pri:2, instance:testcases.UserTest@7ac296f6]" started-at="2026-02-14T23:01:47 IST" name="testGetUserById" finished-at="2026-02-14T23:01:48 IST" duration-ms="909" status="PASS">
          <reporter-output>
          </reporter-output>
        </test-method> <!-- testGetUserById -->
        <test-method signature="testGetUsersWithLimit()[pri:3, instance:testcases.UserTest@7ac296f6]" started-at="2026-02-14T23:01:48 IST" name="testGetUsersWithLimit" finished-at="2026-02-14T23:01:49 IST" duration-ms="903" status="PASS">
          <reporter-output>
          </reporter-output>
        </test-method> <!-- testGetUsersWithLimit -->
        <test-method signature="testGetUsersSortedDesc()[pri:4, instance:testcases.UserTest@7ac296f6]" started-at="2026-02-14T23:01:49 IST" name="testGetUsersSortedDesc" finished-at="2026-02-14T23:01:50 IST" duration-ms="872" status="PASS">
          <reporter-output>
          </reporter-output>
        </test-method> <!-- testGetUsersSortedDesc -->
        <test-method signature="testGetUsersSortedAsc()[pri:5, instance:testcases.UserTest@7ac296f6]" started-at="2026-02-14T23:01:50 IST" name="testGetUsersSortedAsc" finished-at="2026-02-14T23:01:51 IST" duration-ms="996" status="PASS">
          <reporter-output>
          </reporter-output>
        </test-method> <!-- testGetUsersSortedAsc -->
        <test-method signature="testCreateUser()[pri:6, instance:testcases.UserTest@7ac296f6]" started-at="2026-02-14T23:01:51 IST" name="testCreateUser" finished-at="2026-02-14T23:01:52 IST" duration-ms="1595" status="PASS">
          <reporter-output>
          </reporter-output>
        </test-method> <!-- testCreateUser -->
        <test-method signature="testUpdateUser()[pri:7, instance:testcases.UserTest@7ac296f6]" started-at="2026-02-14T23:01:52 IST" name="testUpdateUser" finished-at="2026-02-14T23:01:53 IST" duration-ms="792" status="PASS">
          <reporter-output>
          </reporter-output>
        </test-method> <!-- testUpdateUser -->
        <test-method signature="testDeleteUser()[pri:8, instance:testcases.UserTest@7ac296f6]" started-at="2026-02-14T23:01:53 IST" name="testDeleteUser" finished-at="2026-02-14T23:01:54 IST" duration-ms="737" status="PASS">
          <reporter-output>
          </reporter-output>
        </test-method> <!-- testDeleteUser -->
      </class> <!-- testcases.UserTest -->
    </test> <!-- User Tests -->
    <test started-at="2026-02-14T23:01:40 IST" name="Data Driven Test" finished-at="2026-02-14T23:01:55 IST" duration-ms="14535">
      <class name="testcases.ProductDataDrivenTest">
        <test-method is-config="true" signature="setup()[pri:0, instance:testcases.ProductDataDrivenTest@5a7fe64f]" started-at="2026-02-14T23:01:40 IST" name="setup" finished-at="2026-02-14T23:01:41 IST" duration-ms="674" status="PASS">
          <reporter-output>
          </reporter-output>
        </test-method> <!-- setup -->
        <test-method signature="testAddNewProduct(java.util.Map)[pri:0, instance:testcases.ProductDataDrivenTest@5a7fe64f]" started-at="2026-02-14T23:01:42 IST" name="testAddNewProduct" data-provider="jsonDataProvider" finished-at="2026-02-14T23:01:47 IST" duration-ms="5490" status="PASS">
          <params>
            <param index="0">
              <value>
                <![CDATA[{title=Wireless Mouse, price=25.99, description=Ergonomic wireless mouse with adjustable DPI., image=https://i.pravatar.cc/100, category=electronic}]]>
              </value>
            </param>
          </params>
          <reporter-output>
          </reporter-output>
        </test-method> <!-- testAddNewProduct -->
        <test-method signature="testAddNewProduct(java.util.Map)[pri:0, instance:testcases.ProductDataDrivenTest@5a7fe64f]" started-at="2026-02-14T23:01:47 IST" name="testAddNewProduct" data-provider="jsonDataProvider" finished-at="2026-02-14T23:01:49 IST" duration-ms="1594" status="PASS">
          <params>
            <param index="0">
              <value>
                <![CDATA[{title=Gaming Keyboard, price=49.99, description=Mechanical gaming keyboard with RGB backlight., image=https://i.pravatar.cc/101, category=electronic}]]>
              </value>
            </param>
          </params>
          <reporter-output>
          </reporter-output>
        </test-method> <!-- testAddNewProduct -->
        <test-method signature="testAddNewProduct(java.util.Map)[pri:0, instance:testcases.ProductDataDrivenTest@5a7fe64f]" started-at="2026-02-14T23:01:49 IST" name="testAddNewProduct" data-provider="jsonDataProvider" finished-at="2026-02-14T23:01:52 IST" duration-ms="2566" status="PASS">
          <params>
            <param index="0">
              <value>
                <![CDATA[{title=Bluetooth Headphones, price=79.99, description=Noise-canceling over-ear headphones with deep bass., image=https://i.pravatar.cc/102, category=electronics}]]>
              </value>
            </param>
          </params>
          <reporter-output>
          </reporter-output>
        </test-method> <!-- testAddNewProduct -->
        <test-method signature="testAddNewProduct(java.util.Map)[pri:0, instance:testcases.ProductDataDrivenTest@5a7fe64f]" started-at="2026-02-14T23:01:52 IST" name="testAddNewProduct" data-provider="jsonDataProvider" finished-at="2026-02-14T23:01:53 IST" duration-ms="1436" status="PASS">
          <params>
            <param index="0">
              <value>
                <![CDATA[{title=Smart Watch, price=129.99, description=Fitness smartwatch with heart rate monitor and GPS., image=https://i.pravatar.cc/103, category=wearables}]]>
              </value>
            </param>
          </params>
          <reporter-output>
          </reporter-output>
        </test-method> <!-- testAddNewProduct -->
        <test-method signature="testAddNewProduct(java.util.Map)[pri:0, instance:testcases.ProductDataDrivenTest@5a7fe64f]" started-at="2026-02-14T23:01:53 IST" name="testAddNewProduct" data-provider="jsonDataProvider" finished-at="2026-02-14T23:01:55 IST" duration-ms="1526" status="PASS">
          <params>
            <param index="0">
              <value>
                <![CDATA[{title=Portable Speaker, price=39.99, description=Waterproof Bluetooth speaker with 12-hour battery life., image=https://i.pravatar.cc/104, category=audio}]]>
              </value>
            </param>
          </params>
          <reporter-output>
          </reporter-output>
        </test-method> <!-- testAddNewProduct -->
      </class> <!-- testcases.ProductDataDrivenTest -->
    </test> <!-- Data Driven Test -->
    <test started-at="2026-02-14T23:01:40 IST" name="Cart Tests" finished-at="2026-02-14T23:01:55 IST" duration-ms="15211">
      <class name="testcases.CartTest">
        <test-method is-config="true" signature="setup()[pri:0, instance:testcases.CartTest@76b07f29]" started-at="2026-02-14T23:01:40 IST" name="setup" finished-at="2026-02-14T23:01:41 IST" duration-ms="671" status="PASS">
          <reporter-output>
          </reporter-output>
        </test-method> <!-- setup -->
        <test-method signature="testCreateCart()[pri:0, instance:testcases.CartTest@76b07f29]" started-at="2026-02-14T23:01:41 IST" name="testCreateCart" finished-at="2026-02-14T23:01:47 IST" duration-ms="5535" status="PASS">
          <reporter-output>
          </reporter-output>
        </test-method> <!-- testCreateCart -->
        <test-method signature="testDeleteCart()[pri:0, instance:testcases.CartTest@76b07f29]" started-at="2026-02-14T23:01:47 IST" name="testDeleteCart" finished-at="2026-02-14T23:01:48 IST" duration-ms="757" status="PASS">
          <reporter-output>
          </reporter-output>
        </test-method> <!-- testDeleteCart -->
        <test-method signature="testGetAllCarts()[pri:0, instance:testcases.CartTest@76b07f29]" started-at="2026-02-14T23:01:48 IST" name="testGetAllCarts" finished-at="2026-02-14T23:01:48 IST" duration-ms="723" status="PASS">
          <reporter-output>
          </reporter-output>
        </test-method> <!-- testGetAllCarts -->
        <test-method signature="testGetCartById()[pri:0, instance:testcases.CartTest@76b07f29]" started-at="2026-02-14T23:01:48 IST" name="testGetCartById" finished-at="2026-02-14T23:01:49 IST" duration-ms="730" status="PASS">
          <reporter-output>
          </reporter-output>
        </test-method> <!-- testGetCartById -->
        <test-method signature="testGetCartsByDateRange()[pri:0, instance:testcases.CartTest@76b07f29]" started-at="2026-02-14T23:01:49 IST" name="testGetCartsByDateRange" finished-at="2026-02-14T23:01:50 IST" duration-ms="922" status="PASS">
          <reporter-output>
          </reporter-output>
        </test-method> <!-- testGetCartsByDateRange -->
        <test-method signature="testGetCartsSorted()[pri:0, instance:testcases.CartTest@76b07f29]" started-at="2026-02-14T23:01:50 IST" name="testGetCartsSorted" finished-at="2026-02-14T23:01:51 IST" duration-ms="845" status="PASS">
          <reporter-output>
          </reporter-output>
        </test-method> <!-- testGetCartsSorted -->
        <test-method signature="testGetCartsSortedAsc()[pri:0, instance:testcases.CartTest@76b07f29]" started-at="2026-02-14T23:01:51 IST" name="testGetCartsSortedAsc" finished-at="2026-02-14T23:01:52 IST" duration-ms="905" status="PASS">
          <reporter-output>
          </reporter-output>
        </test-method> <!-- testGetCartsSortedAsc -->
        <test-method signature="testGetCartsWithLimit()[pri:0, instance:testcases.CartTest@76b07f29]" started-at="2026-02-14T23:01:52 IST" name="testGetCartsWithLimit" finished-at="2026-02-14T23:01:53 IST" duration-ms="827" status="PASS">
          <reporter-output>
          </reporter-output>
        </test-method> <!-- testGetCartsWithLimit -->
        <test-method signature="testGetUserCart()[pri:0, instance:testcases.CartTest@76b07f29]" started-at="2026-02-14T23:01:53 IST" name="testGetUserCart" finished-at="2026-02-14T23:01:55 IST" duration-ms="1853" status="PASS">
          <reporter-output>
          </reporter-output>
        </test-method> <!-- testGetUserCart -->
        <test-method signature="testUpdateCart()[pri:0, instance:testcases.CartTest@76b07f29]" started-at="2026-02-14T23:01:55 IST" name="testUpdateCart" finished-at="2026-02-14T23:01:55 IST" duration-ms="765" status="PASS">
          <reporter-output>
          </reporter-output>
        </test-method> <!-- testUpdateCart -->
      </class> <!-- testcases.CartTest -->
    </test> <!-- Cart Tests -->
    <test started-at="2026-02-14T23:01:40 IST" name="Product Tests" finished-at="2026-02-14T23:02:02 IST" duration-ms="21941">
      <class name="testcases.ProductDataDrivenTest">
        <test-method is-config="true" signature="setup()[pri:0, instance:testcases.ProductDataDrivenTest@6cc4cdb9]" started-at="2026-02-14T23:01:40 IST" name="setup" finished-at="2026-02-14T23:01:41 IST" duration-ms="671" status="PASS">
          <reporter-output>
          </reporter-output>
        </test-method> <!-- setup -->
        <test-method signature="testAddNewProduct(java.util.Map)[pri:0, instance:testcases.ProductDataDrivenTest@6cc4cdb9]" started-at="2026-02-14T23:01:42 IST" name="testAddNewProduct" data-provider="jsonDataProvider" finished-at="2026-02-14T23:01:48 IST" duration-ms="5597" status="PASS">
          <params>
            <param index="0">
              <value>
                <![CDATA[{title=Wireless Mouse, price=25.99, description=Ergonomic wireless mouse with adjustable DPI., image=https://i.pravatar.cc/100, category=electronic}]]>
              </value>
            </param>
          </params>
          <reporter-output>
          </reporter-output>
        </test-method> <!-- testAddNewProduct -->
        <test-method signature="testAddNewProduct(java.util.Map)[pri:0, instance:testcases.ProductDataDrivenTest@6cc4cdb9]" started-at="2026-02-14T23:01:48 IST" name="testAddNewProduct" data-provider="jsonDataProvider" finished-at="2026-02-14T23:01:49 IST" duration-ms="1505" status="PASS">
          <params>
            <param index="0">
              <value>
                <![CDATA[{title=Gaming Keyboard, price=49.99, description=Mechanical gaming keyboard with RGB backlight., image=https://i.pravatar.cc/101, category=electronic}]]>
              </value>
            </param>
          </params>
          <reporter-output>
          </reporter-output>
        </test-method> <!-- testAddNewProduct -->
        <test-method signature="testAddNewProduct(java.util.Map)[pri:0, instance:testcases.ProductDataDrivenTest@6cc4cdb9]" started-at="2026-02-14T23:01:49 IST" name="testAddNewProduct" data-provider="jsonDataProvider" finished-at="2026-02-14T23:01:51 IST" duration-ms="1450" status="PASS">
          <params>
            <param index="0">
              <value>
                <![CDATA[{title=Bluetooth Headphones, price=79.99, description=Noise-canceling over-ear headphones with deep bass., image=https://i.pravatar.cc/102, category=electronics}]]>
              </value>
            </param>
          </params>
          <reporter-output>
          </reporter-output>
        </test-method> <!-- testAddNewProduct -->
        <test-method signature="testAddNewProduct(java.util.Map)[pri:0, instance:testcases.ProductDataDrivenTest@6cc4cdb9]" started-at="2026-02-14T23:01:51 IST" name="testAddNewProduct" data-provider="jsonDataProvider" finished-at="2026-02-14T23:01:52 IST" duration-ms="1439" status="PASS">
          <params>
            <param index="0">
              <value>
                <![CDATA[{title=Smart Watch, price=129.99, description=Fitness smartwatch with heart rate monitor and GPS., image=https://i.pravatar.cc/103, category=wearables}]]>
              </value>
            </param>
          </params>
          <reporter-output>
          </reporter-output>
        </test-method> <!-- testAddNewProduct -->
        <test-method signature="testAddNewProduct(java.util.Map)[pri:0, instance:testcases.ProductDataDrivenTest@6cc4cdb9]" started-at="2026-02-14T23:01:52 IST" name="testAddNewProduct" data-provider="jsonDataProvider" finished-at="2026-02-14T23:01:53 IST" duration-ms="1430" status="PASS">
          <params>
            <param index="0">
              <value>
                <![CDATA[{title=Portable Speaker, price=39.99, description=Waterproof Bluetooth speaker with 12-hour battery life., image=https://i.pravatar.cc/104, category=audio}]]>
              </value>
            </param>
          </params>
          <reporter-output>
          </reporter-output>
        </test-method> <!-- testAddNewProduct -->
      </class> <!-- testcases.ProductDataDrivenTest -->
      <class name="testcases.ProductTest">
        <test-method is-config="true" signature="setup()[pri:0, instance:testcases.ProductTest@28194a50]" started-at="2026-02-14T23:01:53 IST" name="setup" finished-at="2026-02-14T23:01:53 IST" duration-ms="3" status="PASS">
          <reporter-output>
          </reporter-output>
        </test-method> <!-- setup -->
        <test-method signature="testGetAllProducts()[pri:1, instance:testcases.ProductTest@28194a50]" started-at="2026-02-14T23:01:53 IST" name="testGetAllProducts" finished-at="2026-02-14T23:01:55 IST" duration-ms="1938" status="PASS">
          <reporter-output>
          </reporter-output>
        </test-method> <!-- testGetAllProducts -->
        <test-method signature="testGetSingleProductById()[pri:2, instance:testcases.ProductTest@28194a50]" started-at="2026-02-14T23:01:55 IST" name="testGetSingleProductById" finished-at="2026-02-14T23:01:56 IST" duration-ms="751" status="PASS">
          <reporter-output>
          </reporter-output>
        </test-method> <!-- testGetSingleProductById -->
        <test-method signature="testGetProductsWithLimit()[pri:3, instance:testcases.ProductTest@28194a50]" started-at="2026-02-14T23:01:56 IST" name="testGetProductsWithLimit" finished-at="2026-02-14T23:01:57 IST" duration-ms="698" status="PASS">
          <reporter-output>
          </reporter-output>
        </test-method> <!-- testGetProductsWithLimit -->
        <test-method signature="testGetSortedProducts()[pri:4, instance:testcases.ProductTest@28194a50]" started-at="2026-02-14T23:01:57 IST" name="testGetSortedProducts" finished-at="2026-02-14T23:01:58 IST" duration-ms="761" status="PASS">
          <reporter-output>
          </reporter-output>
        </test-method> <!-- testGetSortedProducts -->
        <test-method signature="testGetSortedProductsAsc()[pri:5, instance:testcases.ProductTest@28194a50]" started-at="2026-02-14T23:01:58 IST" name="testGetSortedProductsAsc" finished-at="2026-02-14T23:01:58 IST" duration-ms="625" status="PASS">
          <reporter-output>
          </reporter-output>
        </test-method> <!-- testGetSortedProductsAsc -->
        <test-method signature="testGetAllCategories()[pri:6, instance:testcases.ProductTest@28194a50]" started-at="2026-02-14T23:01:58 IST" name="testGetAllCategories" finished-at="2026-02-14T23:01:59 IST" duration-ms="672" status="PASS">
          <reporter-output>
          </reporter-output>
        </test-method> <!-- testGetAllCategories -->
        <test-method signature="testGetProductsByCategory()[pri:7, instance:testcases.ProductTest@28194a50]" started-at="2026-02-14T23:01:59 IST" name="testGetProductsByCategory" finished-at="2026-02-14T23:02:00 IST" duration-ms="755" status="PASS">
          <reporter-output>
          </reporter-output>
        </test-method> <!-- testGetProductsByCategory -->
        <test-method signature="testCreateProduct()[pri:8, instance:testcases.ProductTest@28194a50]" started-at="2026-02-14T23:02:00 IST" name="testCreateProduct" finished-at="2026-02-14T23:02:01 IST" duration-ms="817" status="PASS">
          <reporter-output>
          </reporter-output>
        </test-method> <!-- testCreateProduct -->
        <test-method signature="testUpdateProduct()[pri:9, instance:testcases.ProductTest@28194a50]" started-at="2026-02-14T23:02:01 IST" name="testUpdateProduct" finished-at="2026-02-14T23:02:01 IST" duration-ms="855" status="PASS">
          <reporter-output>
          </reporter-output>
        </test-method> <!-- testUpdateProduct -->
        <test-method signature="testDeleteProduct()[pri:10, instance:testcases.ProductTest@28194a50]" started-at="2026-02-14T23:02:01 IST" name="testDeleteProduct" finished-at="2026-02-14T23:02:02 IST" duration-ms="637" status="PASS">
          <reporter-output>
          </reporter-output>
        </test-method> <!-- testDeleteProduct -->
      </class> <!-- testcases.ProductTest -->
    </test> <!-- Product Tests -->
  </suite> <!-- API Suite -->
</testng-results>
