<?xml version="1.0" encoding="UTF-8"?>
<testng-results ignored="0" total="43" passed="43" failed="0" skipped="0">
  <reporter-output>
  </reporter-output>
  <suite started-at="2026-03-05T21:11:53 IST" name="API Suite" finished-at="2026-03-05T21:12:15 IST" duration-ms="21496">
    <groups>
    </groups>
    <test started-at="2026-03-05T21:11:54 IST" name="Login Tests" finished-at="2026-03-05T21:12:02 IST" duration-ms="8159">
      <class name="testcases.LoginTest">
        <test-method is-config="true" signature="setup()[pri:0, instance:testcases.LoginTest@51bf5add]" started-at="2026-03-05T21:11:54 IST" name="setup" finished-at="2026-03-05T21:11:55 IST" duration-ms="693" status="PASS">
          <reporter-output>
          </reporter-output>
        </test-method> <!-- setup -->
        <test-method signature="testInvalidUserLogin()[pri:0, instance:testcases.LoginTest@51bf5add]" started-at="2026-03-05T21:11:55 IST" name="testInvalidUserLogin" finished-at="2026-03-05T21:12:01 IST" duration-ms="6176" status="PASS">
          <reporter-output>
          </reporter-output>
        </test-method> <!-- testInvalidUserLogin -->
        <test-method signature="testValidUserLogin()[pri:0, instance:testcases.LoginTest@51bf5add]" started-at="2026-03-05T21:12:01 IST" name="testValidUserLogin" finished-at="2026-03-05T21:12:02 IST" duration-ms="771" status="PASS">
          <reporter-output>
          </reporter-output>
        </test-method> <!-- testValidUserLogin -->
      </class> <!-- testcases.LoginTest -->
    </test> <!-- Login Tests -->
    <test started-at="2026-03-05T21:12:03 IST" name="Schema Validation Tests" finished-at="2026-03-05T21:12:06 IST" duration-ms="3408">
      <class name="testcases.SchemaTest">
        <test-method is-config="true" signature="setup()[pri:0, instance:testcases.SchemaTest@19b843ba]" started-at="2026-03-05T21:12:03 IST" name="setup" finished-at="2026-03-05T21:12:03 IST" duration-ms="7" status="PASS">
          <reporter-output>
          </reporter-output>
        </test-method> <!-- setup -->
        <test-method signature="testUserSchema()[pri:1, instance:testcases.SchemaTest@19b843ba]" started-at="2026-03-05T21:12:03 IST" name="testUserSchema" finished-at="2026-03-05T21:12:04 IST" duration-ms="1267" status="PASS">
          <reporter-output>
          </reporter-output>
        </test-method> <!-- testUserSchema -->
        <test-method signature="testProductSchema()[pri:2, instance:testcases.SchemaTest@19b843ba]" started-at="2026-03-05T21:12:04 IST" name="testProductSchema" finished-at="2026-03-05T21:12:05 IST" duration-ms="622" status="PASS">
          <reporter-output>
          </reporter-output>
        </test-method> <!-- testProductSchema -->
        <test-method signature="testGetCartById()[pri:3, instance:testcases.SchemaTest@19b843ba]" started-at="2026-03-05T21:12:05 IST" name="testGetCartById" finished-at="2026-03-05T21:12:06 IST" duration-ms="1483" status="PASS">
          <reporter-output>
          </reporter-output>
        </test-method> <!-- testGetCartById -->
      </class> <!-- testcases.SchemaTest -->
    </test> <!-- Schema Validation Tests -->
    <test started-at="2026-03-05T21:11:53 IST" name="Data Driven Test" finished-at="2026-03-05T21:12:07 IST" duration-ms="13136">
      <class name="testcases.ProductDataDrivenTest">
        <test-method is-config="true" signature="setup()[pri:0, instance:testcases.ProductDataDrivenTest@2fb0623e]" started-at="2026-03-05T21:11:54 IST" name="setup" finished-at="2026-03-05T21:11:55 IST" duration-ms="693" status="PASS">
          <reporter-output>
          </reporter-output>
        </test-method> <!-- setup -->
        <test-method signature="testAddNewProduct(java.util.Map)[pri:0, instance:testcases.ProductDataDrivenTest@2fb0623e]" started-at="2026-03-05T21:11:55 IST" name="testAddNewProduct" data-provider="jsonDataProvider" finished-at="2026-03-05T21:12:01 IST" duration-ms="5404" status="PASS">
          <params>
            <param index="0">
              <value>
                <![CDATA[{title=Wireless Mouse, price=25.99, description=Ergonomic wireless mouse with adjustable DPI., image=https://i.pravatar.cc/100, category=electronic}]]>
              </value>
            </param>
          </params>
          <reporter-output>
          </reporter-output>
        </test-method> <!-- testAddNewProduct -->
        <test-method signature="testAddNewProduct(java.util.Map)[pri:0, instance:testcases.ProductDataDrivenTest@2fb0623e]" started-at="2026-03-05T21:12:01 IST" name="testAddNewProduct" data-provider="jsonDataProvider" finished-at="2026-03-05T21:12:02 IST" duration-ms="1335" status="PASS">
          <params>
            <param index="0">
              <value>
                <![CDATA[{title=Gaming Keyboard, price=49.99, description=Mechanical gaming keyboard with RGB backlight., image=https://i.pravatar.cc/101, category=electronic}]]>
              </value>
            </param>
          </params>
          <reporter-output>
          </reporter-output>
        </test-method> <!-- testAddNewProduct -->
        <test-method signature="testAddNewProduct(java.util.Map)[pri:0, instance:testcases.ProductDataDrivenTest@2fb0623e]" started-at="2026-03-05T21:12:02 IST" name="testAddNewProduct" data-provider="jsonDataProvider" finished-at="2026-03-05T21:12:04 IST" duration-ms="1743" status="PASS">
          <params>
            <param index="0">
              <value>
                <![CDATA[{title=Bluetooth Headphones, price=79.99, description=Noise-canceling over-ear headphones with deep bass., image=https://i.pravatar.cc/102, category=electronics}]]>
              </value>
            </param>
          </params>
          <reporter-output>
          </reporter-output>
        </test-method> <!-- testAddNewProduct -->
        <test-method signature="testAddNewProduct(java.util.Map)[pri:0, instance:testcases.ProductDataDrivenTest@2fb0623e]" started-at="2026-03-05T21:12:04 IST" name="testAddNewProduct" data-provider="jsonDataProvider" finished-at="2026-03-05T21:12:05 IST" duration-ms="1329" status="PASS">
          <params>
            <param index="0">
              <value>
                <![CDATA[{title=Smart Watch, price=129.99, description=Fitness smartwatch with heart rate monitor and GPS., image=https://i.pravatar.cc/103, category=wearables}]]>
              </value>
            </param>
          </params>
          <reporter-output>
          </reporter-output>
        </test-method> <!-- testAddNewProduct -->
        <test-method signature="testAddNewProduct(java.util.Map)[pri:0, instance:testcases.ProductDataDrivenTest@2fb0623e]" started-at="2026-03-05T21:12:05 IST" name="testAddNewProduct" data-provider="jsonDataProvider" finished-at="2026-03-05T21:12:07 IST" duration-ms="1387" status="PASS">
          <params>
            <param index="0">
              <value>
                <![CDATA[{title=Portable Speaker, price=39.99, description=Waterproof Bluetooth speaker with 12-hour battery life., image=https://i.pravatar.cc/104, category=audio}]]>
              </value>
            </param>
          </params>
          <reporter-output>
          </reporter-output>
        </test-method> <!-- testAddNewProduct -->
      </class> <!-- testcases.ProductDataDrivenTest -->
    </test> <!-- Data Driven Test -->
    <test started-at="2026-03-05T21:11:53 IST" name="User Tests" finished-at="2026-03-05T21:12:07 IST" duration-ms="13319">
      <class name="testcases.UserTest">
        <test-method is-config="true" signature="setup()[pri:0, instance:testcases.UserTest@3cce57c7]" started-at="2026-03-05T21:11:54 IST" name="setup" finished-at="2026-03-05T21:11:55 IST" duration-ms="693" status="PASS">
          <reporter-output>
          </reporter-output>
        </test-method> <!-- setup -->
        <test-method signature="testGetAllUsers()[pri:1, instance:testcases.UserTest@3cce57c7]" started-at="2026-03-05T21:11:55 IST" name="testGetAllUsers" finished-at="2026-03-05T21:12:00 IST" duration-ms="5546" status="PASS">
          <reporter-output>
          </reporter-output>
        </test-method> <!-- testGetAllUsers -->
        <test-method signature="testGetUserById()[pri:2, instance:testcases.UserTest@3cce57c7]" started-at="2026-03-05T21:12:00 IST" name="testGetUserById" finished-at="2026-03-05T21:12:01 IST" duration-ms="847" status="PASS">
          <reporter-output>
          </reporter-output>
        </test-method> <!-- testGetUserById -->
        <test-method signature="testGetUsersWithLimit()[pri:3, instance:testcases.UserTest@3cce57c7]" started-at="2026-03-05T21:12:01 IST" name="testGetUsersWithLimit" finished-at="2026-03-05T21:12:02 IST" duration-ms="1045" status="PASS">
          <reporter-output>
          </reporter-output>
        </test-method> <!-- testGetUsersWithLimit -->
        <test-method signature="testGetUsersSortedDesc()[pri:4, instance:testcases.UserTest@3cce57c7]" started-at="2026-03-05T21:12:02 IST" name="testGetUsersSortedDesc" finished-at="2026-03-05T21:12:03 IST" duration-ms="1148" status="PASS">
          <reporter-output>
          </reporter-output>
        </test-method> <!-- testGetUsersSortedDesc -->
        <test-method signature="testGetUsersSortedAsc()[pri:5, instance:testcases.UserTest@3cce57c7]" started-at="2026-03-05T21:12:03 IST" name="testGetUsersSortedAsc" finished-at="2026-03-05T21:12:04 IST" duration-ms="977" status="PASS">
          <reporter-output>
          </reporter-output>
        </test-method> <!-- testGetUsersSortedAsc -->
        <test-method signature="testCreateUser()[pri:6, instance:testcases.UserTest@3cce57c7]" started-at="2026-03-05T21:12:04 IST" name="testCreateUser" finished-at="2026-03-05T21:12:05 IST" duration-ms="919" status="PASS">
          <reporter-output>
          </reporter-output>
        </test-method> <!-- testCreateUser -->
        <test-method signature="testUpdateUser()[pri:7, instance:testcases.UserTest@3cce57c7]" started-at="2026-03-05T21:12:05 IST" name="testUpdateUser" finished-at="2026-03-05T21:12:06 IST" duration-ms="595" status="PASS">
          <reporter-output>
          </reporter-output>
        </test-method> <!-- testUpdateUser -->
        <test-method signature="testDeleteUser()[pri:8, instance:testcases.UserTest@3cce57c7]" started-at="2026-03-05T21:12:06 IST" name="testDeleteUser" finished-at="2026-03-05T21:12:07 IST" duration-ms="803" status="PASS">
          <reporter-output>
          </reporter-output>
        </test-method> <!-- testDeleteUser -->
      </class> <!-- testcases.UserTest -->
    </test> <!-- User Tests -->
    <test started-at="2026-03-05T21:11:53 IST" name="Cart Tests" finished-at="2026-03-05T21:12:08 IST" duration-ms="14746">
      <class name="testcases.CartTest">
        <test-method is-config="true" signature="setup()[pri:0, instance:testcases.CartTest@2ca923bb]" started-at="2026-03-05T21:11:54 IST" name="setup" finished-at="2026-03-05T21:11:55 IST" duration-ms="693" status="PASS">
          <reporter-output>
          </reporter-output>
        </test-method> <!-- setup -->
        <test-method signature="testCreateCart()[pri:0, instance:testcases.CartTest@2ca923bb]" started-at="2026-03-05T21:11:55 IST" name="testCreateCart" finished-at="2026-03-05T21:12:00 IST" duration-ms="5339" status="PASS">
          <reporter-output>
          </reporter-output>
        </test-method> <!-- testCreateCart -->
        <test-method signature="testDeleteCart()[pri:0, instance:testcases.CartTest@2ca923bb]" started-at="2026-03-05T21:12:00 IST" name="testDeleteCart" finished-at="2026-03-05T21:12:02 IST" duration-ms="1306" status="PASS">
          <reporter-output>
          </reporter-output>
        </test-method> <!-- testDeleteCart -->
        <test-method signature="testGetAllCarts()[pri:0, instance:testcases.CartTest@2ca923bb]" started-at="2026-03-05T21:12:02 IST" name="testGetAllCarts" finished-at="2026-03-05T21:12:02 IST" duration-ms="743" status="PASS">
          <reporter-output>
          </reporter-output>
        </test-method> <!-- testGetAllCarts -->
        <test-method signature="testGetCartById()[pri:0, instance:testcases.CartTest@2ca923bb]" started-at="2026-03-05T21:12:02 IST" name="testGetCartById" finished-at="2026-03-05T21:12:03 IST" duration-ms="774" status="PASS">
          <reporter-output>
          </reporter-output>
        </test-method> <!-- testGetCartById -->
        <test-method signature="testGetCartsByDateRange()[pri:0, instance:testcases.CartTest@2ca923bb]" started-at="2026-03-05T21:12:03 IST" name="testGetCartsByDateRange" finished-at="2026-03-05T21:12:04 IST" duration-ms="770" status="PASS">
          <reporter-output>
          </reporter-output>
        </test-method> <!-- testGetCartsByDateRange -->
        <test-method signature="testGetCartsSorted()[pri:0, instance:testcases.CartTest@2ca923bb]" started-at="2026-03-05T21:12:04 IST" name="testGetCartsSorted" finished-at="2026-03-05T21:12:05 IST" duration-ms="771" status="PASS">
          <reporter-output>
          </reporter-output>
        </test-method> <!-- testGetCartsSorted -->
        <test-method signature="testGetCartsSortedAsc()[pri:0, instance:testcases.CartTest@2ca923bb]" started-at="2026-03-05T21:12:05 IST" name="testGetCartsSortedAsc" finished-at="2026-03-05T21:12:06 IST" duration-ms="1301" status="PASS">
          <reporter-output>
          </reporter-output>
        </test-method> <!-- testGetCartsSortedAsc -->
        <test-method signature="testGetCartsWithLimit()[pri:0, instance:testcases.CartTest@2ca923bb]" started-at="2026-03-05T21:12:06 IST" name="testGetCartsWithLimit" finished-at="2026-03-05T21:12:07 IST" duration-ms="714" status="PASS">
          <reporter-output>
          </reporter-output>
        </test-method> <!-- testGetCartsWithLimit -->
        <test-method signature="testGetUserCart()[pri:0, instance:testcases.CartTest@2ca923bb]" started-at="2026-03-05T21:12:07 IST" name="testGetUserCart" finished-at="2026-03-05T21:12:07 IST" duration-ms="706" status="PASS">
          <reporter-output>
          </reporter-output>
        </test-method> <!-- testGetUserCart -->
        <test-method signature="testUpdateCart()[pri:0, instance:testcases.CartTest@2ca923bb]" started-at="2026-03-05T21:12:07 IST" name="testUpdateCart" finished-at="2026-03-05T21:12:08 IST" duration-ms="754" status="PASS">
          <reporter-output>
          </reporter-output>
        </test-method> <!-- testUpdateCart -->
      </class> <!-- testcases.CartTest -->
    </test> <!-- Cart Tests -->
    <test started-at="2026-03-05T21:11:53 IST" name="Product Tests" finished-at="2026-03-05T21:12:15 IST" duration-ms="21496">
      <class name="testcases.ProductDataDrivenTest">
        <test-method is-config="true" signature="setup()[pri:0, instance:testcases.ProductDataDrivenTest@4149c063]" started-at="2026-03-05T21:11:54 IST" name="setup" finished-at="2026-03-05T21:11:55 IST" duration-ms="694" status="PASS">
          <reporter-output>
          </reporter-output>
        </test-method> <!-- setup -->
        <test-method signature="testAddNewProduct(java.util.Map)[pri:0, instance:testcases.ProductDataDrivenTest@4149c063]" started-at="2026-03-05T21:11:55 IST" name="testAddNewProduct" data-provider="jsonDataProvider" finished-at="2026-03-05T21:12:01 IST" duration-ms="5409" status="PASS">
          <params>
            <param index="0">
              <value>
                <![CDATA[{title=Wireless Mouse, price=25.99, description=Ergonomic wireless mouse with adjustable DPI., image=https://i.pravatar.cc/100, category=electronic}]]>
              </value>
            </param>
          </params>
          <reporter-output>
          </reporter-output>
        </test-method> <!-- testAddNewProduct -->
        <test-method signature="testAddNewProduct(java.util.Map)[pri:0, instance:testcases.ProductDataDrivenTest@4149c063]" started-at="2026-03-05T21:12:01 IST" name="testAddNewProduct" data-provider="jsonDataProvider" finished-at="2026-03-05T21:12:02 IST" duration-ms="1353" status="PASS">
          <params>
            <param index="0">
              <value>
                <![CDATA[{title=Gaming Keyboard, price=49.99, description=Mechanical gaming keyboard with RGB backlight., image=https://i.pravatar.cc/101, category=electronic}]]>
              </value>
            </param>
          </params>
          <reporter-output>
          </reporter-output>
        </test-method> <!-- testAddNewProduct -->
        <test-method signature="testAddNewProduct(java.util.Map)[pri:0, instance:testcases.ProductDataDrivenTest@4149c063]" started-at="2026-03-05T21:12:02 IST" name="testAddNewProduct" data-provider="jsonDataProvider" finished-at="2026-03-05T21:12:04 IST" duration-ms="1799" status="PASS">
          <params>
            <param index="0">
              <value>
                <![CDATA[{title=Bluetooth Headphones, price=79.99, description=Noise-canceling over-ear headphones with deep bass., image=https://i.pravatar.cc/102, category=electronics}]]>
              </value>
            </param>
          </params>
          <reporter-output>
          </reporter-output>
        </test-method> <!-- testAddNewProduct -->
        <test-method signature="testAddNewProduct(java.util.Map)[pri:0, instance:testcases.ProductDataDrivenTest@4149c063]" started-at="2026-03-05T21:12:04 IST" name="testAddNewProduct" data-provider="jsonDataProvider" finished-at="2026-03-05T21:12:05 IST" duration-ms="1231" status="PASS">
          <params>
            <param index="0">
              <value>
                <![CDATA[{title=Smart Watch, price=129.99, description=Fitness smartwatch with heart rate monitor and GPS., image=https://i.pravatar.cc/103, category=wearables}]]>
              </value>
            </param>
          </params>
          <reporter-output>
          </reporter-output>
        </test-method> <!-- testAddNewProduct -->
        <test-method signature="testAddNewProduct(java.util.Map)[pri:0, instance:testcases.ProductDataDrivenTest@4149c063]" started-at="2026-03-05T21:12:05 IST" name="testAddNewProduct" data-provider="jsonDataProvider" finished-at="2026-03-05T21:12:07 IST" duration-ms="1397" status="PASS">
          <params>
            <param index="0">
              <value>
                <![CDATA[{title=Portable Speaker, price=39.99, description=Waterproof Bluetooth speaker with 12-hour battery life., image=https://i.pravatar.cc/104, category=audio}]]>
              </value>
            </param>
          </params>
          <reporter-output>
          </reporter-output>
        </test-method> <!-- testAddNewProduct -->
      </class> <!-- testcases.ProductDataDrivenTest -->
      <class name="testcases.ProductTest">
        <test-method is-config="true" signature="setup()[pri:0, instance:testcases.ProductTest@9cb8225]" started-at="2026-03-05T21:12:07 IST" name="setup" finished-at="2026-03-05T21:12:07 IST" duration-ms="3" status="PASS">
          <reporter-output>
          </reporter-output>
        </test-method> <!-- setup -->
        <test-method signature="testGetAllProducts()[pri:1, instance:testcases.ProductTest@9cb8225]" started-at="2026-03-05T21:12:07 IST" name="testGetAllProducts" finished-at="2026-03-05T21:12:08 IST" duration-ms="1125" status="PASS">
          <reporter-output>
          </reporter-output>
        </test-method> <!-- testGetAllProducts -->
        <test-method signature="testGetSingleProductById()[pri:2, instance:testcases.ProductTest@9cb8225]" started-at="2026-03-05T21:12:08 IST" name="testGetSingleProductById" finished-at="2026-03-05T21:12:09 IST" duration-ms="1306" status="PASS">
          <reporter-output>
          </reporter-output>
        </test-method> <!-- testGetSingleProductById -->
        <test-method signature="testGetProductsWithLimit()[pri:3, instance:testcases.ProductTest@9cb8225]" started-at="2026-03-05T21:12:09 IST" name="testGetProductsWithLimit" finished-at="2026-03-05T21:12:10 IST" duration-ms="600" status="PASS">
          <reporter-output>
          </reporter-output>
        </test-method> <!-- testGetProductsWithLimit -->
        <test-method signature="testGetSortedProducts()[pri:4, instance:testcases.ProductTest@9cb8225]" started-at="2026-03-05T21:12:10 IST" name="testGetSortedProducts" finished-at="2026-03-05T21:12:11 IST" duration-ms="1115" status="PASS">
          <reporter-output>
          </reporter-output>
        </test-method> <!-- testGetSortedProducts -->
        <test-method signature="testGetSortedProductsAsc()[pri:5, instance:testcases.ProductTest@9cb8225]" started-at="2026-03-05T21:12:11 IST" name="testGetSortedProductsAsc" finished-at="2026-03-05T21:12:12 IST" duration-ms="874" status="PASS">
          <reporter-output>
          </reporter-output>
        </test-method> <!-- testGetSortedProductsAsc -->
        <test-method signature="testGetAllCategories()[pri:6, instance:testcases.ProductTest@9cb8225]" started-at="2026-03-05T21:12:12 IST" name="testGetAllCategories" finished-at="2026-03-05T21:12:12 IST" duration-ms="589" status="PASS">
          <reporter-output>
          </reporter-output>
        </test-method> <!-- testGetAllCategories -->
        <test-method signature="testGetProductsByCategory()[pri:7, instance:testcases.ProductTest@9cb8225]" started-at="2026-03-05T21:12:12 IST" name="testGetProductsByCategory" finished-at="2026-03-05T21:12:13 IST" duration-ms="564" status="PASS">
          <reporter-output>
          </reporter-output>
        </test-method> <!-- testGetProductsByCategory -->
        <test-method signature="testCreateProduct()[pri:8, instance:testcases.ProductTest@9cb8225]" started-at="2026-03-05T21:12:13 IST" name="testCreateProduct" finished-at="2026-03-05T21:12:14 IST" duration-ms="938" status="PASS">
          <reporter-output>
          </reporter-output>
        </test-method> <!-- testCreateProduct -->
        <test-method signature="testUpdateProduct()[pri:9, instance:testcases.ProductTest@9cb8225]" started-at="2026-03-05T21:12:14 IST" name="testUpdateProduct" finished-at="2026-03-05T21:12:14 IST" duration-ms="583" status="PASS">
          <reporter-output>
          </reporter-output>
        </test-method> <!-- testUpdateProduct -->
        <test-method signature="testDeleteProduct()[pri:10, instance:testcases.ProductTest@9cb8225]" started-at="2026-03-05T21:12:14 IST" name="testDeleteProduct" finished-at="2026-03-05T21:12:15 IST" duration-ms="601" status="PASS">
          <reporter-output>
          </reporter-output>
        </test-method> <!-- testDeleteProduct -->
      </class> <!-- testcases.ProductTest -->
    </test> <!-- Product Tests -->
  </suite> <!-- API Suite -->
</testng-results>
