<?xml version="1.0" encoding="UTF-8"?>
<!-- Generated by org.testng.reporters.JUnitReportReporter -->
<testsuite hostname="HMS-LP-N-79" failures="0" tests="10" name="testcases.ProductTest" time="8.295" errors="0" timestamp="2026-03-05T21:12:16 IST" skipped="0">
  <testcase classname="testcases.ProductTest" name="testGetAllProducts" time="1.125"/>
  <testcase classname="testcases.ProductTest" name="testGetSingleProductById" time="1.306"/>
  <testcase classname="testcases.ProductTest" name="testGetProductsWithLimit" time="0.600"/>
  <testcase classname="testcases.ProductTest" name="testGetSortedProducts" time="1.115"/>
  <testcase classname="testcases.ProductTest" name="testGetSortedProductsAsc" time="0.874"/>
  <testcase classname="testcases.ProductTest" name="testGetAllCategories" time="0.589"/>
  <testcase classname="testcases.ProductTest" name="testGetProductsByCategory" time="0.564"/>
  <testcase classname="testcases.ProductTest" name="testCreateProduct" time="0.938"/>
  <testcase classname="testcases.ProductTest" name="testUpdateProduct" time="0.583"/>
  <testcase classname="testcases.ProductTest" name="testDeleteProduct" time="0.601"/>
</testsuite> <!-- testcases.ProductTest -->
