<?xml version="1.0" encoding="UTF-8"?>
<!-- Generated by org.testng.reporters.JUnitReportReporter -->
<testsuite hostname="HMS-LP-N-79" failures="0" tests="8" name="testcases.UserTest" time="12.452" errors="0" timestamp="2026-02-14T23:02:03 IST" skipped="0">
  <testcase classname="testcases.UserTest" name="testGetAllUsers" time="5.648"/>
  <testcase classname="testcases.UserTest" name="testGetUserById" time="0.909"/>
  <testcase classname="testcases.UserTest" name="testGetUsersWithLimit" time="0.903"/>
  <testcase classname="testcases.UserTest" name="testGetUsersSortedDesc" time="0.872"/>
  <testcase classname="testcases.UserTest" name="testGetUsersSortedAsc" time="0.996"/>
  <testcase classname="testcases.UserTest" name="testCreateUser" time="1.595"/>
  <testcase classname="testcases.UserTest" name="testUpdateUser" time="0.792"/>
  <testcase classname="testcases.UserTest" name="testDeleteUser" time="0.737"/>
</testsuite> <!-- testcases.UserTest -->
