<?xml version="1.0" encoding="UTF-8"?>
<!-- Generated by org.testng.reporters.JUnitReportReporter -->
<testsuite hostname="HMS-LP-N-79" failures="0" tests="10" name="testcases.CartTests" time="15.340" errors="0" timestamp="2026-02-14T21:10:30 IST" skipped="0">
  <testcase classname="testcases.CartTests" name="testGetAllCarts" time="1.079"/>
  <testcase classname="testcases.CartTests" name="testGetCartsByDateRange" time="0.813"/>
  <testcase classname="testcases.CartTests" name="testGetCartsWithLimit" time="1.934"/>
  <testcase classname="testcases.CartTests" name="testDeleteCart" time="0.962"/>
  <testcase classname="testcases.CartTests" name="testGetCartsSorted" time="1.257"/>
  <testcase classname="testcases.CartTests" name="testUpdateCart" time="0.705"/>
  <testcase classname="testcases.CartTests" name="testGetUserCart" time="1.625"/>
  <testcase classname="testcases.CartTests" name="testGetCartsSortedAsc" time="0.820"/>
  <testcase classname="testcases.CartTests" name="testCreateCart" time="5.047"/>
  <testcase classname="testcases.CartTests" name="testGetCartById" time="1.098"/>
</testsuite> <!-- testcases.CartTests -->
