<?xml version="1.0" encoding="UTF-8"?>
<!-- Generated by org.testng.reporters.JUnitReportReporter -->
<testsuite hostname="HMS-LP-N-79" failures="0" tests="10" name="testcases.ProductDataDrivenTest" time="24.033" errors="0" timestamp="2026-02-14T23:02:03 IST" skipped="0">
  <testcase classname="testcases.ProductDataDrivenTest" name="testAddNewProduct" time="2.566"/>
  <testcase classname="testcases.ProductDataDrivenTest" name="testAddNewProduct" time="5.490"/>
  <testcase classname="testcases.ProductDataDrivenTest" name="testAddNewProduct" time="5.597"/>
  <testcase classname="testcases.ProductDataDrivenTest" name="testAddNewProduct" time="1.450"/>
  <testcase classname="testcases.ProductDataDrivenTest" name="testAddNewProduct" time="1.594"/>
  <testcase classname="testcases.ProductDataDrivenTest" name="testAddNewProduct" time="1.436"/>
  <testcase classname="testcases.ProductDataDrivenTest" name="testAddNewProduct" time="1.505"/>
  <testcase classname="testcases.ProductDataDrivenTest" name="testAddNewProduct" time="1.439"/>
  <testcase classname="testcases.ProductDataDrivenTest" name="testAddNewProduct" time="1.526"/>
  <testcase classname="testcases.ProductDataDrivenTest" name="testAddNewProduct" time="1.430"/>
</testsuite> <!-- testcases.ProductDataDrivenTest -->
