<?xml version="1.0" encoding="UTF-8"?>
<!-- Generated by org.testng.reporters.JUnitReportReporter -->
<testsuite hostname="HMS-LP-N-79" failures="0" tests="8" name="testcases.UserTest" time="11.880" errors="0" timestamp="2026-03-05T21:12:16 IST" skipped="0">
  <testcase classname="testcases.UserTest" name="testGetAllUsers" time="5.546"/>
  <testcase classname="testcases.UserTest" name="testGetUserById" time="0.847"/>
  <testcase classname="testcases.UserTest" name="testGetUsersWithLimit" time="1.045"/>
  <testcase classname="testcases.UserTest" name="testGetUsersSortedDesc" time="1.148"/>
  <testcase classname="testcases.UserTest" name="testGetUsersSortedAsc" time="0.977"/>
  <testcase classname="testcases.UserTest" name="testCreateUser" time="0.919"/>
  <testcase classname="testcases.UserTest" name="testUpdateUser" time="0.595"/>
  <testcase classname="testcases.UserTest" name="testDeleteUser" time="0.803"/>
</testsuite> <!-- testcases.UserTest -->
