<?xml version="1.0" encoding="UTF-8"?>
<!-- Generated by org.testng.reporters.JUnitReportReporter -->
<testsuite hostname="HMS-LP-N-79" failures="0" tests="10" name="testcases.ProductDataDrivenTest" time="22.387" errors="0" timestamp="2026-03-05T21:12:16 IST" skipped="0">
  <testcase classname="testcases.ProductDataDrivenTest" name="testAddNewProduct" time="1.231"/>
  <testcase classname="testcases.ProductDataDrivenTest" name="testAddNewProduct" time="1.387"/>
  <testcase classname="testcases.ProductDataDrivenTest" name="testAddNewProduct" time="1.743"/>
  <testcase classname="testcases.ProductDataDrivenTest" name="testAddNewProduct" time="5.409"/>
  <testcase classname="testcases.ProductDataDrivenTest" name="testAddNewProduct" time="1.353"/>
  <testcase classname="testcases.ProductDataDrivenTest" name="testAddNewProduct" time="1.799"/>
  <testcase classname="testcases.ProductDataDrivenTest" name="testAddNewProduct" time="5.404"/>
  <testcase classname="testcases.ProductDataDrivenTest" name="testAddNewProduct" time="1.335"/>
  <testcase classname="testcases.ProductDataDrivenTest" name="testAddNewProduct" time="1.329"/>
  <testcase classname="testcases.ProductDataDrivenTest" name="testAddNewProduct" time="1.397"/>
</testsuite> <!-- testcases.ProductDataDrivenTest -->
