<?xml version="1.0" encoding="UTF-8"?>
<!-- Generated by org.testng.reporters.JUnitReportReporter -->
<testsuite hostname="HMS-LP-N-79" failures="0" tests="10" name="testcases.ProductTest" time="8.509" errors="0" timestamp="2026-02-14T23:02:03 IST" skipped="0">
  <testcase classname="testcases.ProductTest" name="testGetAllProducts" time="1.938"/>
  <testcase classname="testcases.ProductTest" name="testGetSingleProductById" time="0.751"/>
  <testcase classname="testcases.ProductTest" name="testGetProductsWithLimit" time="0.698"/>
  <testcase classname="testcases.ProductTest" name="testGetSortedProducts" time="0.761"/>
  <testcase classname="testcases.ProductTest" name="testGetSortedProductsAsc" time="0.625"/>
  <testcase classname="testcases.ProductTest" name="testGetAllCategories" time="0.672"/>
  <testcase classname="testcases.ProductTest" name="testGetProductsByCategory" time="0.755"/>
  <testcase classname="testcases.ProductTest" name="testCreateProduct" time="0.817"/>
  <testcase classname="testcases.ProductTest" name="testUpdateProduct" time="0.855"/>
  <testcase classname="testcases.ProductTest" name="testDeleteProduct" time="0.637"/>
</testsuite> <!-- testcases.ProductTest -->
