<?xml version="1.0" encoding="UTF-8"?>
<!-- Generated by org.testng.reporters.JUnitReportReporter -->
<testsuite hostname="HMS-LP-N-79" failures="0" tests="10" name="testcases.CartTest" time="13.862" errors="0" timestamp="2026-02-14T23:02:03 IST" skipped="0">
  <testcase classname="testcases.CartTest" name="testGetCartById" time="0.730"/>
  <testcase classname="testcases.CartTest" name="testGetCartsSorted" time="0.845"/>
  <testcase classname="testcases.CartTest" name="testGetCartsSortedAsc" time="0.905"/>
  <testcase classname="testcases.CartTest" name="testGetCartsWithLimit" time="0.827"/>
  <testcase classname="testcases.CartTest" name="testUpdateCart" time="0.765"/>
  <testcase classname="testcases.CartTest" name="testCreateCart" time="5.535"/>
  <testcase classname="testcases.CartTest" name="testGetUserCart" time="1.853"/>
  <testcase classname="testcases.CartTest" name="testDeleteCart" time="0.757"/>
  <testcase classname="testcases.CartTest" name="testGetAllCarts" time="0.723"/>
  <testcase classname="testcases.CartTest" name="testGetCartsByDateRange" time="0.922"/>
</testsuite> <!-- testcases.CartTest -->
