<?xml version="1.0" encoding="UTF-8"?>
<!-- Generated by org.testng.reporters.JUnitReportReporter -->
<testsuite hostname="HMS-LP-N-79" failures="0" tests="3" name="testcases.SchemaTest" time="3.372" errors="0" timestamp="2026-03-05T21:12:16 IST" skipped="0">
  <testcase classname="testcases.SchemaTest" name="testUserSchema" time="1.267"/>
  <testcase classname="testcases.SchemaTest" name="testProductSchema" time="0.622"/>
  <testcase classname="testcases.SchemaTest" name="testGetCartById" time="1.483"/>
</testsuite> <!-- testcases.SchemaTest -->
