<?xml version="1.0" encoding="UTF-8"?>
<!-- Generated by org.testng.reporters.JUnitXMLReporter -->
<testsuite ignored="0" hostname="HMS-LP-N-79" failures="0" tests="15" name="API Automation Test" time="20.029" errors="0" timestamp="2026-02-07T15:04:24 IST">
  <testcase classname="testcases.ProductDataDrivenTest" name="testAddNewProduct" time="4.814"/>
  <testcase classname="testcases.ProductDataDrivenTest" name="testAddNewProduct" time="1.186"/>
  <testcase classname="testcases.ProductDataDrivenTest" name="testAddNewProduct" time="1.252"/>
  <testcase classname="testcases.ProductDataDrivenTest" name="testAddNewProduct" time="1.206"/>
  <testcase classname="testcases.ProductDataDrivenTest" name="testAddNewProduct" time="1.272"/>
  <testcase classname="testcases.ProductTest" name="testGetAllProducts" time="0.697"/>
  <testcase classname="testcases.ProductTest" name="testGetSingleProductById" time="0.582"/>
  <testcase classname="testcases.ProductTest" name="testGetProductsWithLimit" time="0.638"/>
  <testcase classname="testcases.ProductTest" name="testGetSortedProducts" time="0.653"/>
  <testcase classname="testcases.ProductTest" name="testGetSortedProductsAsc" time="0.736"/>
  <testcase classname="testcases.ProductTest" name="testGetAllCategories" time="1.962"/>
  <testcase classname="testcases.ProductTest" name="testGetProductsByCategory" time="0.572"/>
  <testcase classname="testcases.ProductTest" name="testCreateProduct" time="0.978"/>
  <testcase classname="testcases.ProductTest" name="testUpdateProduct" time="0.726"/>
  <testcase classname="testcases.ProductTest" name="testDeleteProduct" time="0.775"/>
</testsuite> <!-- API Automation Test -->
