<?xml version="1.0" encoding="UTF-8"?>
<!-- Generated by org.testng.reporters.JUnitXMLReporter -->
<testsuite ignored="0" hostname="HMS-LP-N-79" failures="0" tests="10" name="Cart Tests" time="14.746" errors="0" timestamp="2026-03-05T21:12:08 IST">
  <testcase classname="testcases.CartTest" name="testCreateCart" time="5.339"/>
  <testcase classname="testcases.CartTest" name="testDeleteCart" time="1.306"/>
  <testcase classname="testcases.CartTest" name="testGetAllCarts" time="0.743"/>
  <testcase classname="testcases.CartTest" name="testGetCartById" time="0.774"/>
  <testcase classname="testcases.CartTest" name="testGetCartsByDateRange" time="0.77"/>
  <testcase classname="testcases.CartTest" name="testGetCartsSorted" time="0.771"/>
  <testcase classname="testcases.CartTest" name="testGetCartsSortedAsc" time="1.301"/>
  <testcase classname="testcases.CartTest" name="testGetCartsWithLimit" time="0.714"/>
  <testcase classname="testcases.CartTest" name="testGetUserCart" time="0.706"/>
  <testcase classname="testcases.CartTest" name="testUpdateCart" time="0.754"/>
</testsuite> <!-- Cart Tests -->
