<?xml version="1.0" encoding="UTF-8"?>
<!-- Generated by org.testng.reporters.JUnitXMLReporter -->
<testsuite ignored="0" hostname="HMS-LP-N-79" failures="0" tests="5" name="Data Driven Test" time="13.136" errors="0" timestamp="2026-03-05T21:12:07 IST">
  <testcase classname="testcases.ProductDataDrivenTest" name="testAddNewProduct" time="5.404"/>
  <testcase classname="testcases.ProductDataDrivenTest" name="testAddNewProduct" time="1.335"/>
  <testcase classname="testcases.ProductDataDrivenTest" name="testAddNewProduct" time="1.743"/>
  <testcase classname="testcases.ProductDataDrivenTest" name="testAddNewProduct" time="1.329"/>
  <testcase classname="testcases.ProductDataDrivenTest" name="testAddNewProduct" time="1.387"/>
</testsuite> <!-- Data Driven Test -->
