<?xml version="1.0" encoding="UTF-8"?>
<!-- Generated by org.testng.reporters.JUnitXMLReporter -->
<testsuite ignored="0" hostname="HMS-LP-N-79" failures="0" tests="5" name="Data Driven Test" time="14.535" errors="0" timestamp="2026-02-14T23:01:55 IST">
  <testcase classname="testcases.ProductDataDrivenTest" name="testAddNewProduct" time="5.49"/>
  <testcase classname="testcases.ProductDataDrivenTest" name="testAddNewProduct" time="1.594"/>
  <testcase classname="testcases.ProductDataDrivenTest" name="testAddNewProduct" time="2.566"/>
  <testcase classname="testcases.ProductDataDrivenTest" name="testAddNewProduct" time="1.436"/>
  <testcase classname="testcases.ProductDataDrivenTest" name="testAddNewProduct" time="1.526"/>
</testsuite> <!-- Data Driven Test -->
