<?xml version="1.0" encoding="UTF-8"?>
<!-- Generated by org.testng.reporters.JUnitXMLReporter -->
<testsuite ignored="0" hostname="HMS-LP-N-79" failures="0" tests="15" name="Product Tests" time="21.941" errors="0" timestamp="2026-02-14T23:02:02 IST">
  <testcase classname="testcases.ProductDataDrivenTest" name="testAddNewProduct" time="5.597"/>
  <testcase classname="testcases.ProductDataDrivenTest" name="testAddNewProduct" time="1.505"/>
  <testcase classname="testcases.ProductDataDrivenTest" name="testAddNewProduct" time="1.45"/>
  <testcase classname="testcases.ProductDataDrivenTest" name="testAddNewProduct" time="1.439"/>
  <testcase classname="testcases.ProductDataDrivenTest" name="testAddNewProduct" time="1.43"/>
  <testcase classname="testcases.ProductTest" name="testGetAllProducts" time="1.938"/>
  <testcase classname="testcases.ProductTest" name="testGetSingleProductById" time="0.751"/>
  <testcase classname="testcases.ProductTest" name="testGetProductsWithLimit" time="0.698"/>
  <testcase classname="testcases.ProductTest" name="testGetSortedProducts" time="0.761"/>
  <testcase classname="testcases.ProductTest" name="testGetSortedProductsAsc" time="0.625"/>
  <testcase classname="testcases.ProductTest" name="testGetAllCategories" time="0.672"/>
  <testcase classname="testcases.ProductTest" name="testGetProductsByCategory" time="0.755"/>
  <testcase classname="testcases.ProductTest" name="testCreateProduct" time="0.817"/>
  <testcase classname="testcases.ProductTest" name="testUpdateProduct" time="0.855"/>
  <testcase classname="testcases.ProductTest" name="testDeleteProduct" time="0.637"/>
</testsuite> <!-- Product Tests -->
