<?xml version="1.0" encoding="UTF-8"?>
<!-- Generated by org.testng.reporters.JUnitXMLReporter -->
<testsuite ignored="0" hostname="HMS-LP-N-79" failures="0" tests="15" name="Product Tests" time="21.496" errors="0" timestamp="2026-03-05T21:12:15 IST">
  <testcase classname="testcases.ProductDataDrivenTest" name="testAddNewProduct" time="5.409"/>
  <testcase classname="testcases.ProductDataDrivenTest" name="testAddNewProduct" time="1.353"/>
  <testcase classname="testcases.ProductDataDrivenTest" name="testAddNewProduct" time="1.799"/>
  <testcase classname="testcases.ProductDataDrivenTest" name="testAddNewProduct" time="1.231"/>
  <testcase classname="testcases.ProductDataDrivenTest" name="testAddNewProduct" time="1.397"/>
  <testcase classname="testcases.ProductTest" name="testGetAllProducts" time="1.125"/>
  <testcase classname="testcases.ProductTest" name="testGetSingleProductById" time="1.306"/>
  <testcase classname="testcases.ProductTest" name="testGetProductsWithLimit" time="0.6"/>
  <testcase classname="testcases.ProductTest" name="testGetSortedProducts" time="1.115"/>
  <testcase classname="testcases.ProductTest" name="testGetSortedProductsAsc" time="0.874"/>
  <testcase classname="testcases.ProductTest" name="testGetAllCategories" time="0.589"/>
  <testcase classname="testcases.ProductTest" name="testGetProductsByCategory" time="0.564"/>
  <testcase classname="testcases.ProductTest" name="testCreateProduct" time="0.938"/>
  <testcase classname="testcases.ProductTest" name="testUpdateProduct" time="0.583"/>
  <testcase classname="testcases.ProductTest" name="testDeleteProduct" time="0.601"/>
</testsuite> <!-- Product Tests -->
