<?xml version="1.0" encoding="UTF-8"?>
<!-- Generated by org.testng.reporters.JUnitXMLReporter -->
<testsuite ignored="0" hostname="HMS-LP-N-79" failures="0" tests="3" name="Schema Validation Tests" time="3.408" errors="0" timestamp="2026-03-05T21:12:06 IST">
  <testcase classname="testcases.SchemaTest" name="testUserSchema" time="1.267"/>
  <testcase classname="testcases.SchemaTest" name="testProductSchema" time="0.622"/>
  <testcase classname="testcases.SchemaTest" name="testGetCartById" time="1.483"/>
</testsuite> <!-- Schema Validation Tests -->
