<?xml version="1.0" encoding="UTF-8"?>
<!-- Generated by org.testng.reporters.JUnitXMLReporter -->
<testsuite ignored="0" hostname="HMS-LP-N-79" failures="0" tests="3" name="Schema Validation Tests" time="3.06" errors="0" timestamp="2026-02-14T23:01:53 IST">
  <testcase classname="testcases.SchemaTest" name="testUserSchema" time="1.489"/>
  <testcase classname="testcases.SchemaTest" name="testProductSchema" time="0.717"/>
  <testcase classname="testcases.SchemaTest" name="testGetCartById" time="0.825"/>
</testsuite> <!-- Schema Validation Tests -->
